<?xml version="1.0" encoding="UTF-8"?>
<!-- Generated by org.testng.reporters.JUnitReportReporter -->
<testsuite name="testcases.TC_002" tests="1" time="5.291" ignored="0" failures="0" timestamp="15 Pro 2017 11:59:58 GMT" skipped="0" hostname="MBCZDWHQXX01070" errors="0">
  <testcase name="testcase1" time="5.291" classname="testcases.TC_002"/>
</testsuite> <!-- testcases.TC_002 -->
