<?xml version="1.0" encoding="UTF-8"?>
<!-- Generated by org.testng.reporters.JUnitReportReporter -->
<testsuite name="testcases.TC_001" tests="1" time="8.757" ignored="0" failures="0" timestamp="15 Pro 2017 11:59:58 GMT" skipped="0" hostname="MBCZDWHQXX01070" errors="0">
  <testcase name="testcase1" time="8.757" classname="testcases.TC_001"/>
</testsuite> <!-- testcases.TC_001 -->
