<?xml version="1.0" encoding="UTF-8"?>
<!-- Generated by org.testng.reporters.JUnitReportReporter -->
<testsuite skipped="0" hostname="MBCZDWHQXX01070" name="testcases.TC_001" tests="1" failures="0" timestamp="18 Pro 2017 09:45:54 GMT" time="5.497" errors="0">
  <testcase name="testcase1" time="5.497" classname="testcases.TC_001"/>
</testsuite> <!-- testcases.TC_001 -->
