<?xml version="1.0" encoding="UTF-8"?>
<!-- Generated by org.testng.reporters.JUnitReportReporter -->
<testsuite skipped="0" hostname="MBCZDWHQXX01070" name="testcases.TC_001" tests="1" failures="0" timestamp="15 Pro 2017 14:14:12 GMT" time="8.398" errors="0">
  <testcase name="testcase1" time="8.398" classname="testcases.TC_001"/>
</testsuite> <!-- testcases.TC_001 -->
